
*** Running vivado
    with args -log four_byte_uart.vds -m64 -product Vivado -mode batch -messageDb vivado.pb -notrace -source four_byte_uart.tcl


Режим вывода команд на экран (ECHO) отключен.
Режим вывода команд на экран (ECHO) отключен.

****** Vivado v2023.2 (64-bit)
  **** SW Build 4029153 on Fri Oct 13 20:14:34 MDT 2023
  **** IP Build 4028589 on Sat Oct 14 00:45:43 MDT 2023
  **** SharedData Build 4025554 on Tue Oct 10 17:18:54 MDT 2023
    ** Copyright 1986-2022 Xilinx, Inc. All Rights Reserved.
    ** Copyright 2022-2023 Advanced Micro Devices, Inc. All Rights Reserved.

source four_byte_uart.tcl -notrace
create_project: Time (s): cpu = 00:00:05 ; elapsed = 00:00:05 . Memory (MB): peak = 455.824 ; gain = 182.402
Command: read_checkpoint -auto_incremental -incremental C:/Users/perhat.amanlyyev/UART_2/UART_2.srcs/utils_1/imports/synth_1/beforeTransmission.dcp
INFO: [Vivado 12-5825] Read reference checkpoint from C:/Users/perhat.amanlyyev/UART_2/UART_2.srcs/utils_1/imports/synth_1/beforeTransmission.dcp for incremental synthesis
INFO: [Vivado 12-7989] Please ensure there are no constraint changes
Command: synth_design -top four_byte_uart -part xc7a35tcpg236-1
Starting synth_design
Attempting to get a license for feature 'Synthesis' and/or device 'xc7a35t'
INFO: [Common 17-349] Got license for feature 'Synthesis' and/or device 'xc7a35t'
INFO: [Device 21-403] Loading part xc7a35tcpg236-1
INFO: [Designutils 20-5440] No compile time benefit to using incremental synthesis; A full resynthesis will be run
INFO: [Designutils 20-4379] Flow is switching to default flow due to incremental criteria not met. If you would like to alter this behaviour and have the flow terminate instead, please set the following parameter config_implementation {autoIncr.Synth.RejectBehavior Terminate}
INFO: [Synth 8-7079] Multithreading enabled for synth_design using a maximum of 2 processes.
INFO: [Synth 8-7078] Launching helper process for spawning children vivado processes
INFO: [Synth 8-7075] Helper process launched with PID 6104
---------------------------------------------------------------------------------
Starting RTL Elaboration : Time (s): cpu = 00:00:05 ; elapsed = 00:00:05 . Memory (MB): peak = 1292.492 ; gain = 439.820
---------------------------------------------------------------------------------
INFO: [Synth 8-11241] undeclared symbol 'new_clk', assumed default net type 'wire' [C:/Users/perhat.amanlyyev/UART_2/UART_2.srcs/sources_1/new/tx.sv:74]
INFO: [Synth 8-6157] synthesizing module 'four_byte_uart' [C:/Users/perhat.amanlyyev/UART_2/UART_2.srcs/sources_1/new/four_byte_uart.sv:34]
INFO: [Synth 8-6157] synthesizing module 'debounce' [C:/Users/perhat.amanlyyev/UART_2/UART_2.srcs/sources_1/new/four_byte_uart.sv:22]
INFO: [Synth 8-6155] done synthesizing module 'debounce' (0#1) [C:/Users/perhat.amanlyyev/UART_2/UART_2.srcs/sources_1/new/four_byte_uart.sv:22]
INFO: [Synth 8-6157] synthesizing module 'four_byte_tx' [C:/Users/perhat.amanlyyev/UART_2/UART_2.srcs/sources_1/new/four_byte_tx.sv:21]
INFO: [Synth 8-6155] done synthesizing module 'four_byte_tx' (0#1) [C:/Users/perhat.amanlyyev/UART_2/UART_2.srcs/sources_1/new/four_byte_tx.sv:21]
INFO: [Synth 8-6157] synthesizing module 'four_byte_rx' [C:/Users/perhat.amanlyyev/UART_2/UART_2.srcs/sources_1/new/four_byte_rx.sv:21]
INFO: [Synth 8-226] default block is never used [C:/Users/perhat.amanlyyev/UART_2/UART_2.srcs/sources_1/new/four_byte_rx.sv:61]
INFO: [Synth 8-6155] done synthesizing module 'four_byte_rx' (0#1) [C:/Users/perhat.amanlyyev/UART_2/UART_2.srcs/sources_1/new/four_byte_rx.sv:21]
INFO: [Synth 8-6157] synthesizing module 'display' [C:/Users/perhat.amanlyyev/UART_2/UART_2.srcs/sources_1/new/display.sv:23]
INFO: [Synth 8-6155] done synthesizing module 'display' (0#1) [C:/Users/perhat.amanlyyev/UART_2/UART_2.srcs/sources_1/new/display.sv:23]
INFO: [Synth 8-6155] done synthesizing module 'four_byte_uart' (0#1) [C:/Users/perhat.amanlyyev/UART_2/UART_2.srcs/sources_1/new/four_byte_uart.sv:34]
WARNING: [Synth 8-6014] Unused sequential element done_reg was removed.  [C:/Users/perhat.amanlyyev/UART_2/UART_2.srcs/sources_1/new/four_byte_tx.sv:86]
WARNING: [Synth 8-3848] Net send in module/entity four_byte_uart does not have driver. [C:/Users/perhat.amanlyyev/UART_2/UART_2.srcs/sources_1/new/four_byte_uart.sv:44]
WARNING: [Synth 8-7129] Port send in module four_byte_uart is either unconnected or has no load
WARNING: [Synth 8-7129] Port take in module four_byte_uart is either unconnected or has no load
---------------------------------------------------------------------------------
Finished RTL Elaboration : Time (s): cpu = 00:00:06 ; elapsed = 00:00:07 . Memory (MB): peak = 1402.887 ; gain = 550.215
---------------------------------------------------------------------------------
---------------------------------------------------------------------------------
Start Handling Custom Attributes
---------------------------------------------------------------------------------
---------------------------------------------------------------------------------
Finished Handling Custom Attributes : Time (s): cpu = 00:00:06 ; elapsed = 00:00:07 . Memory (MB): peak = 1402.887 ; gain = 550.215
---------------------------------------------------------------------------------
---------------------------------------------------------------------------------
Finished RTL Optimization Phase 1 : Time (s): cpu = 00:00:06 ; elapsed = 00:00:07 . Memory (MB): peak = 1402.887 ; gain = 550.215
---------------------------------------------------------------------------------
Netlist sorting complete. Time (s): cpu = 00:00:00 ; elapsed = 00:00:00.011 . Memory (MB): peak = 1402.887 ; gain = 0.000
INFO: [Project 1-570] Preparing netlist for logic optimization

Processing XDC Constraints
Initializing timing engine
Parsing XDC File [C:/Users/perhat.amanlyyev/UART_2/UART_2.srcs/uart/new/four_uart.xdc]
WARNING: [Vivado 12-507] No nets matched 'clk_IBUF'. [C:/Users/perhat.amanlyyev/UART_2/UART_2.srcs/uart/new/four_uart.xdc:53]
CRITICAL WARNING: [Common 17-55] 'set_property' expects at least one object. [C:/Users/perhat.amanlyyev/UART_2/UART_2.srcs/uart/new/four_uart.xdc:53]
Resolution: If [get_<value>] was used to populate the object, check to make sure this command returns at least one valid object.
Finished Parsing XDC File [C:/Users/perhat.amanlyyev/UART_2/UART_2.srcs/uart/new/four_uart.xdc]
INFO: [Project 1-236] Implementation specific constraints were found while reading constraint file [C:/Users/perhat.amanlyyev/UART_2/UART_2.srcs/uart/new/four_uart.xdc]. These constraints will be ignored for synthesis but will be used in implementation. Impacted constraints are listed in the file [.Xil/four_byte_uart_propImpl.xdc].
Resolution: To avoid this warning, move constraints listed in [.Xil/four_byte_uart_propImpl.xdc] to another XDC file and exclude this new file from synthesis with the used_in_synthesis property (File Properties dialog in GUI) and re-run elaboration/synthesis.
Completed Processing XDC Constraints

Netlist sorting complete. Time (s): cpu = 00:00:00 ; elapsed = 00:00:00 . Memory (MB): peak = 1510.242 ; gain = 0.000
INFO: [Project 1-111] Unisim Transformation Summary:
No Unisim elements were transformed.

Системе не удается найти указанный путь.
Constraint Validation Runtime : Time (s): cpu = 00:00:00 ; elapsed = 00:00:00.005 . Memory (MB): peak = 1510.242 ; gain = 0.000
INFO: [Designutils 20-5440] No compile time benefit to using incremental synthesis; A full resynthesis will be run
INFO: [Designutils 20-4379] Flow is switching to default flow due to incremental criteria not met. If you would like to alter this behaviour and have the flow terminate instead, please set the following parameter config_implementation {autoIncr.Synth.RejectBehavior Terminate}
---------------------------------------------------------------------------------
Finished Constraint Validation : Time (s): cpu = 00:00:13 ; elapsed = 00:00:14 . Memory (MB): peak = 1510.242 ; gain = 657.570
---------------------------------------------------------------------------------
---------------------------------------------------------------------------------
Start Loading Part and Timing Information
---------------------------------------------------------------------------------
Loading part: xc7a35tcpg236-1
---------------------------------------------------------------------------------
Finished Loading Part and Timing Information : Time (s): cpu = 00:00:13 ; elapsed = 00:00:14 . Memory (MB): peak = 1510.242 ; gain = 657.570
---------------------------------------------------------------------------------
---------------------------------------------------------------------------------
Start Applying 'set_property' XDC Constraints
---------------------------------------------------------------------------------
---------------------------------------------------------------------------------
Finished applying 'set_property' XDC Constraints : Time (s): cpu = 00:00:13 ; elapsed = 00:00:14 . Memory (MB): peak = 1510.242 ; gain = 657.570
---------------------------------------------------------------------------------
INFO: [Synth 8-802] inferred FSM for state register 'next_step_reg' in module 'four_byte_tx'
INFO: [Synth 8-802] inferred FSM for state register 'next_step_reg' in module 'four_byte_rx'
---------------------------------------------------------------------------------------------------
                   State |                     New Encoding |                Previous Encoding 
---------------------------------------------------------------------------------------------------
                   start |                             0001 |                             0000
                    send |                             0010 |                             0010
                    stop |                             0100 |                             0011
                    idle |                             1000 |                             0001
---------------------------------------------------------------------------------------------------
INFO: [Synth 8-3354] encoded FSM with state register 'next_step_reg' using encoding 'one-hot' in module 'four_byte_tx'
---------------------------------------------------------------------------------------------------
                   State |                     New Encoding |                Previous Encoding 
---------------------------------------------------------------------------------------------------
                    idle |                               00 |                               00
                   start |                               01 |                               01
                     put |                               10 |                               10
                    stop |                               11 |                               11
---------------------------------------------------------------------------------------------------
INFO: [Synth 8-3354] encoded FSM with state register 'next_step_reg' using encoding 'sequential' in module 'four_byte_rx'
---------------------------------------------------------------------------------
Finished RTL Optimization Phase 2 : Time (s): cpu = 00:00:14 ; elapsed = 00:00:14 . Memory (MB): peak = 1510.242 ; gain = 657.570
---------------------------------------------------------------------------------
---------------------------------------------------------------------------------
Start RTL Component Statistics 
---------------------------------------------------------------------------------
Detailed RTL Component Info : 
+---Adders : 
	   2 Input   32 Bit       Adders := 4     
	   2 Input   16 Bit       Adders := 2     
	   3 Input    7 Bit       Adders := 2     
	   2 Input    5 Bit       Adders := 2     
	   2 Input    2 Bit       Adders := 1     
+---Registers : 
	               32 Bit    Registers := 4     
	               16 Bit    Registers := 2     
	                8 Bit    Registers := 3     
	                5 Bit    Registers := 5     
	                4 Bit    Registers := 1     
	                2 Bit    Registers := 1     
	                1 Bit    Registers := 13    
+---Muxes : 
	   2 Input   32 Bit        Muxes := 10    
	   5 Input   32 Bit        Muxes := 1     
	   4 Input   32 Bit        Muxes := 1     
	   2 Input   16 Bit        Muxes := 2     
	   4 Input   16 Bit        Muxes := 2     
	   2 Input    8 Bit        Muxes := 4     
	   4 Input    8 Bit        Muxes := 2     
	   2 Input    5 Bit        Muxes := 2     
	   4 Input    5 Bit        Muxes := 1     
	   5 Input    5 Bit        Muxes := 1     
	   4 Input    4 Bit        Muxes := 2     
	   2 Input    4 Bit        Muxes := 4     
	   4 Input    2 Bit        Muxes := 1     
	   2 Input    2 Bit        Muxes := 7     
	   2 Input    1 Bit        Muxes := 7     
	   3 Input    1 Bit        Muxes := 2     
	   4 Input    1 Bit        Muxes := 9     
---------------------------------------------------------------------------------
Finished RTL Component Statistics 
---------------------------------------------------------------------------------
---------------------------------------------------------------------------------
Start Part Resource Summary
---------------------------------------------------------------------------------
Part Resources:
DSPs: 90 (col length:60)
BRAMs: 100 (col length: RAMB18 60 RAMB36 30)
---------------------------------------------------------------------------------
Finished Part Resource Summary
---------------------------------------------------------------------------------
---------------------------------------------------------------------------------
Start Cross Boundary and Area Optimization
---------------------------------------------------------------------------------
WARNING: [Synth 8-7080] Parallel synthesis criteria is not met
WARNING: [Synth 8-7129] Port send in module four_byte_uart is either unconnected or has no load
WARNING: [Synth 8-7129] Port take in module four_byte_uart is either unconnected or has no load
---------------------------------------------------------------------------------
Finished Cross Boundary and Area Optimization : Time (s): cpu = 00:00:17 ; elapsed = 00:00:17 . Memory (MB): peak = 1510.242 ; gain = 657.570
---------------------------------------------------------------------------------
---------------------------------------------------------------------------------
Start ROM, RAM, DSP, Shift Register and Retiming Reporting
---------------------------------------------------------------------------------

ROM: Preliminary Mapping Report
+---------------+------------+---------------+----------------+
|Module Name    | RTL Object | Depth x Width | Implemented As | 
+---------------+------------+---------------+----------------+
|four_byte_uart | disp/seg   | 32x7          | LUT            | 
+---------------+------------+---------------+----------------+

---------------------------------------------------------------------------------
Finished ROM, RAM, DSP, Shift Register and Retiming Reporting
---------------------------------------------------------------------------------
---------------------------------------------------------------------------------
Start Applying XDC Timing Constraints
---------------------------------------------------------------------------------
---------------------------------------------------------------------------------
Finished Applying XDC Timing Constraints : Time (s): cpu = 00:00:21 ; elapsed = 00:00:22 . Memory (MB): peak = 1510.242 ; gain = 657.570
---------------------------------------------------------------------------------
---------------------------------------------------------------------------------
Start Timing Optimization
---------------------------------------------------------------------------------
---------------------------------------------------------------------------------
Finished Timing Optimization : Time (s): cpu = 00:00:21 ; elapsed = 00:00:22 . Memory (MB): peak = 1510.242 ; gain = 657.570
---------------------------------------------------------------------------------
---------------------------------------------------------------------------------
Start Technology Mapping
---------------------------------------------------------------------------------
---------------------------------------------------------------------------------
Finished Technology Mapping : Time (s): cpu = 00:00:21 ; elapsed = 00:00:22 . Memory (MB): peak = 1510.242 ; gain = 657.570
---------------------------------------------------------------------------------
---------------------------------------------------------------------------------
Start IO Insertion
---------------------------------------------------------------------------------
---------------------------------------------------------------------------------
Start Flattening Before IO Insertion
---------------------------------------------------------------------------------
---------------------------------------------------------------------------------
Finished Flattening Before IO Insertion
---------------------------------------------------------------------------------
---------------------------------------------------------------------------------
Start Final Netlist Cleanup
---------------------------------------------------------------------------------
---------------------------------------------------------------------------------
Finished Final Netlist Cleanup
---------------------------------------------------------------------------------
---------------------------------------------------------------------------------
Finished IO Insertion : Time (s): cpu = 00:00:25 ; elapsed = 00:00:26 . Memory (MB): peak = 1510.242 ; gain = 657.570
---------------------------------------------------------------------------------
---------------------------------------------------------------------------------
Start Renaming Generated Instances
---------------------------------------------------------------------------------
---------------------------------------------------------------------------------
Finished Renaming Generated Instances : Time (s): cpu = 00:00:25 ; elapsed = 00:00:26 . Memory (MB): peak = 1510.242 ; gain = 657.570
---------------------------------------------------------------------------------
---------------------------------------------------------------------------------
Start Rebuilding User Hierarchy
---------------------------------------------------------------------------------
---------------------------------------------------------------------------------
Finished Rebuilding User Hierarchy : Time (s): cpu = 00:00:25 ; elapsed = 00:00:26 . Memory (MB): peak = 1510.242 ; gain = 657.570
---------------------------------------------------------------------------------
---------------------------------------------------------------------------------
Start Renaming Generated Ports
---------------------------------------------------------------------------------
---------------------------------------------------------------------------------
Finished Renaming Generated Ports : Time (s): cpu = 00:00:25 ; elapsed = 00:00:26 . Memory (MB): peak = 1510.242 ; gain = 657.570
---------------------------------------------------------------------------------
---------------------------------------------------------------------------------
Start Handling Custom Attributes
---------------------------------------------------------------------------------
---------------------------------------------------------------------------------
Finished Handling Custom Attributes : Time (s): cpu = 00:00:25 ; elapsed = 00:00:26 . Memory (MB): peak = 1510.242 ; gain = 657.570
---------------------------------------------------------------------------------
---------------------------------------------------------------------------------
Start Renaming Generated Nets
---------------------------------------------------------------------------------
---------------------------------------------------------------------------------
Finished Renaming Generated Nets : Time (s): cpu = 00:00:25 ; elapsed = 00:00:26 . Memory (MB): peak = 1510.242 ; gain = 657.570
---------------------------------------------------------------------------------
---------------------------------------------------------------------------------
Start Writing Synthesis Report
---------------------------------------------------------------------------------

Report BlackBoxes: 
+-+--------------+----------+
| |BlackBox name |Instances |
+-+--------------+----------+
+-+--------------+----------+

Report Cell Usage: 
+------+-------+------+
|      |Cell   |Count |
+------+-------+------+
|1     |BUFG   |     1|
|2     |CARRY4 |    21|
|3     |LUT1   |     3|
|4     |LUT2   |    19|
|5     |LUT3   |    19|
|6     |LUT4   |   117|
|7     |LUT5   |    36|
|8     |LUT6   |   113|
|9     |MUXF7  |    10|
|10    |FDRE   |   277|
|11    |FDSE   |     1|
|12    |IBUF   |    15|
|13    |OBUF   |    27|
|14    |OBUFT  |     1|
+------+-------+------+
---------------------------------------------------------------------------------
Finished Writing Synthesis Report : Time (s): cpu = 00:00:25 ; elapsed = 00:00:26 . Memory (MB): peak = 1510.242 ; gain = 657.570
---------------------------------------------------------------------------------
Synthesis finished with 0 errors, 0 critical warnings and 3 warnings.
Synthesis Optimization Runtime : Time (s): cpu = 00:00:18 ; elapsed = 00:00:25 . Memory (MB): peak = 1510.242 ; gain = 550.215
Synthesis Optimization Complete : Time (s): cpu = 00:00:26 ; elapsed = 00:00:26 . Memory (MB): peak = 1510.242 ; gain = 657.570
INFO: [Project 1-571] Translating synthesized netlist
Netlist sorting complete. Time (s): cpu = 00:00:00 ; elapsed = 00:00:00.007 . Memory (MB): peak = 1510.242 ; gain = 0.000
INFO: [Netlist 29-17] Analyzing 31 Unisim elements for replacement
INFO: [Netlist 29-28] Unisim Transformation completed in 0 CPU seconds
INFO: [Project 1-570] Preparing netlist for logic optimization
INFO: [Opt 31-138] Pushed 0 inverter(s) to 0 load pin(s).
Netlist sorting complete. Time (s): cpu = 00:00:00 ; elapsed = 00:00:00 . Memory (MB): peak = 1510.242 ; gain = 0.000
INFO: [Project 1-111] Unisim Transformation Summary:
No Unisim elements were transformed.

Системе не удается найти указанный путь.
Synth Design complete | Checksum: cd8adeca
INFO: [Common 17-83] Releasing license: Synthesis
37 Infos, 8 Warnings, 1 Critical Warnings and 0 Errors encountered.
synth_design completed successfully
synth_design: Time (s): cpu = 00:00:30 ; elapsed = 00:00:31 . Memory (MB): peak = 1510.242 ; gain = 1049.441
INFO: [runtcl-6] Synthesis results are not added to the cache due to CRITICAL_WARNING
Write ShapeDB Complete: Time (s): cpu = 00:00:00 ; elapsed = 00:00:00.002 . Memory (MB): peak = 1510.242 ; gain = 0.000
INFO: [Common 17-1381] The checkpoint 'C:/Users/perhat.amanlyyev/UART_2/UART_2.runs/synth_1/four_byte_uart.dcp' has been generated.
INFO: [runtcl-4] Executing : report_utilization -file four_byte_uart_utilization_synth.rpt -pb four_byte_uart_utilization_synth.pb
INFO: [Common 17-206] Exiting Vivado at Mon May  6 16:37:51 2024...
